<?xml version="1.0" encoding="UTF-8"?>
<!-- Generated by org.testng.reporters.JUnitReportReporter -->
<testsuite hostname="DESKTOP-HFS0OVC" failures="0" tests="5" name="practise.SampleTest" time="0.018" errors="0" timestamp="2022-06-03T17:28:24 IST" skipped="0">
  <testcase classname="practise.SampleTest" name="CreateContctTest" time="0.013"/>
  <system-out/>
  <testcase classname="practise.SampleTest" name="DeleteContctTest" time="0.001"/>
  <system-out/>
  <testcase classname="practise.SampleTest" name="DeleteContctTest" time="0.001"/>
  <system-out/>
  <testcase classname="practise.SampleTest" name="ModifyContctTest" time="0.001"/>
  <system-out/>
  <testcase classname="practise.SampleTest" name="DeleteContctTest" time="0.002"/>
  <system-out/>
</testsuite> <!-- practise.SampleTest -->
