<?xml version="1.0" encoding="UTF-8"?>
<!-- Generated by org.testng.reporters.JUnitReportReporter -->
<testsuite hostname="DESKTOP-HFS0OVC" failures="0" tests="1" name="com.crm.comcast.organizationTest.CreateOrganizationTest" time="43.446" errors="0" timestamp="2022-06-09T16:31:58 IST" skipped="0">
  <testcase classname="com.crm.comcast.organizationTest.CreateOrganizationTest" name="CreateOrganization" time="43.446"/>
  <system-out/>
</testsuite> <!-- com.crm.comcast.organizationTest.CreateOrganizationTest -->
