<?xml version="1.0" encoding="UTF-8"?>
<!-- Generated by org.testng.reporters.JUnitReportReporter -->
<testsuite hostname="DESKTOP-HFS0OVC" failures="0" tests="1" name="practise.Dataprovider" time="0.011" errors="0" timestamp="2022-06-11T11:04:19 IST" skipped="0">
  <testcase classname="practise.Dataprovider" name="bookTicket" time="0.011"/>
  <system-out/>
</testsuite> <!-- practise.Dataprovider -->
