<?xml version="1.0" encoding="UTF-8"?>
<!-- Generated by org.testng.reporters.JUnitReportReporter -->
<testsuite hostname="DESKTOP-HFS0OVC" failures="0" tests="1" name="practise.DataProviderWithExcel$Dataprovider" time="0.008" errors="0" timestamp="2022-06-11T11:29:05 IST" skipped="0">
  <testcase classname="practise.DataProviderWithExcel$Dataprovider" name="bookTicket" time="0.008"/>
  <system-out/>
</testsuite> <!-- practise.DataProviderWithExcel$Dataprovider -->
