<?xml version="1.0" encoding="UTF-8"?>
<!-- Generated by org.testng.reporters.JUnitReportReporter -->
<testsuite hostname="DESKTOP-HFS0OVC" failures="0" tests="3" name="practise.Yash" time="0.027" errors="0" timestamp="2022-06-03T15:55:54 IST" skipped="0">
  <testcase classname="practise.Yash" name="CreateContctTest" time="0.021"/>
  <system-out/>
  <testcase classname="practise.Yash" name="ModifyContctTest" time="0.002"/>
  <system-out/>
  <testcase classname="practise.Yash" name="DeleteContctTest" time="0.004"/>
  <system-out/>
</testsuite> <!-- practise.Yash -->
